  [1m[35m (25.6ms)[0m  [1m[35mCREATE TABLE `schema_migrations` (`version` varchar(255) PRIMARY KEY) ENGINE=InnoDB[0m
  [1m[35m (26.0ms)[0m  [1m[35mCREATE TABLE `ar_internal_metadata` (`key` varchar(255) PRIMARY KEY, `value` varchar(255), `created_at` datetime NOT NULL, `updated_at` datetime NOT NULL) ENGINE=InnoDB[0m
  [1m[35m (0.1ms)[0m  [1m[34mSELECT DATABASE() as db[0m
  [1m[35m (0.1ms)[0m  [1m[34mSELECT GET_LOCK('6777642424518849345', 0);[0m
  [1m[36mActiveRecord::SchemaMigration Load (2.6ms)[0m  [1m[34mSELECT `schema_migrations`.* FROM `schema_migrations`[0m
Migrating to CreateUsers (20170425141222)
  [1m[35m (25.0ms)[0m  [1m[35mCREATE TABLE `users` (`id` int AUTO_INCREMENT PRIMARY KEY, `name` varchar(255), `email` varchar(255), `gender` varchar(255), `created_at` datetime NOT NULL, `updated_at` datetime NOT NULL) ENGINE=InnoDB[0m
  [1m[35m (0.2ms)[0m  [1m[35mBEGIN[0m
  [1m[35mSQL (1.4ms)[0m  [1m[32mINSERT INTO `schema_migrations` (`version`) VALUES ('20170425141222')[0m
  [1m[35m (3.3ms)[0m  [1m[35mCOMMIT[0m
Migrating to AddIndexToUsersEmail (20170425141328)
  [1m[35m (21.4ms)[0m  [1m[35mCREATE UNIQUE INDEX `index_users_on_email`  ON `users` (`email`) [0m
  [1m[35m (0.2ms)[0m  [1m[35mBEGIN[0m
  [1m[35mSQL (0.4ms)[0m  [1m[32mINSERT INTO `schema_migrations` (`version`) VALUES ('20170425141328')[0m
  [1m[35m (7.1ms)[0m  [1m[35mCOMMIT[0m
Migrating to AddPasswordDigestToUsers (20170425141444)
  [1m[35m (47.5ms)[0m  [1m[35mALTER TABLE `users` ADD `password_digest` varchar(255)[0m
  [1m[35m (0.1ms)[0m  [1m[35mBEGIN[0m
  [1m[35mSQL (0.2ms)[0m  [1m[32mINSERT INTO `schema_migrations` (`version`) VALUES ('20170425141444')[0m
  [1m[35m (48.0ms)[0m  [1m[35mCOMMIT[0m
Migrating to AddRememberDigestToUsers (20170425141522)
  [1m[35m (49.2ms)[0m  [1m[35mALTER TABLE `users` ADD `remember_digest` varchar(255)[0m
  [1m[35m (0.1ms)[0m  [1m[35mBEGIN[0m
  [1m[35mSQL (0.2ms)[0m  [1m[32mINSERT INTO `schema_migrations` (`version`) VALUES ('20170425141522')[0m
  [1m[35m (3.9ms)[0m  [1m[35mCOMMIT[0m
Migrating to CreateMicroposts (20170425141618)
  [1m[35m (29.6ms)[0m  [1m[35mCREATE TABLE `microposts` (`id` int AUTO_INCREMENT PRIMARY KEY, `content` text, `user_id` int, `created_at` datetime NOT NULL, `updated_at` datetime NOT NULL,  INDEX `index_microposts_on_user_id`  (`user_id`), CONSTRAINT `fk_rails_558c81314b`
FOREIGN KEY (`user_id`)
  REFERENCES `users` (`id`)
) ENGINE=InnoDB[0m
  [1m[35m (22.4ms)[0m  [1m[35mCREATE  INDEX `index_microposts_on_user_id_and_created_at`  ON `microposts` (`user_id`, `created_at`) [0m
  [1m[35m (0.2ms)[0m  [1m[35mBEGIN[0m
  [1m[35mSQL (0.2ms)[0m  [1m[32mINSERT INTO `schema_migrations` (`version`) VALUES ('20170425141618')[0m
  [1m[35m (3.9ms)[0m  [1m[35mCOMMIT[0m
Migrating to AddPictureToMicroposts (20170425141723)
  [1m[35m (51.3ms)[0m  [1m[35mALTER TABLE `microposts` ADD `picture` varchar(255)[0m
  [1m[35m (0.1ms)[0m  [1m[35mBEGIN[0m
  [1m[35mSQL (0.2ms)[0m  [1m[32mINSERT INTO `schema_migrations` (`version`) VALUES ('20170425141723')[0m
  [1m[35m (3.8ms)[0m  [1m[35mCOMMIT[0m
Migrating to CreateRelationships (20170425141846)
  [1m[35m (26.7ms)[0m  [1m[35mCREATE TABLE `relationships` (`id` int AUTO_INCREMENT PRIMARY KEY, `follower_id` int, `followed_id` int, `created_at` datetime NOT NULL, `updated_at` datetime NOT NULL) ENGINE=InnoDB[0m
  [1m[35m (21.2ms)[0m  [1m[35mCREATE  INDEX `index_relationships_on_follower_id`  ON `relationships` (`follower_id`) [0m
  [1m[35m (24.8ms)[0m  [1m[35mCREATE  INDEX `index_relationships_on_followed_id`  ON `relationships` (`followed_id`) [0m
  [1m[35m (21.9ms)[0m  [1m[35mCREATE UNIQUE INDEX `index_relationships_on_followed_id_and_follower_id`  ON `relationships` (`followed_id`, `follower_id`) [0m
  [1m[35m (0.1ms)[0m  [1m[35mBEGIN[0m
  [1m[35mSQL (0.2ms)[0m  [1m[32mINSERT INTO `schema_migrations` (`version`) VALUES ('20170425141846')[0m
  [1m[35m (4.4ms)[0m  [1m[35mCOMMIT[0m
Migrating to AddAvatarToUsers (20170425141935)
  [1m[35m (45.3ms)[0m  [1m[35mALTER TABLE `users` ADD `avatar` varchar(255) DEFAULT '/assets/images/fallback/ava-default-male.jpg'[0m
  [1m[35m (0.1ms)[0m  [1m[35mBEGIN[0m
  [1m[35mSQL (0.2ms)[0m  [1m[32mINSERT INTO `schema_migrations` (`version`) VALUES ('20170425141935')[0m
  [1m[35m (4.4ms)[0m  [1m[35mCOMMIT[0m
Migrating to CreateLikes (20170425142003)
  [1m[35m (26.4ms)[0m  [1m[35mCREATE TABLE `likes` (`id` int AUTO_INCREMENT PRIMARY KEY, `created_at` datetime NOT NULL, `updated_at` datetime NOT NULL) ENGINE=InnoDB[0m
  [1m[35m (0.1ms)[0m  [1m[35mBEGIN[0m
  [1m[35mSQL (1.0ms)[0m  [1m[32mINSERT INTO `schema_migrations` (`version`) VALUES ('20170425142003')[0m
  [1m[35m (3.4ms)[0m  [1m[35mCOMMIT[0m
Migrating to AddFkUserIdToLikes (20170425142041)
  [1m[35m (44.0ms)[0m  [1m[35mALTER TABLE `likes` ADD `user_id` int[0m
  [1m[35m (21.2ms)[0m  [1m[35mCREATE  INDEX `index_likes_on_user_id`  ON `likes` (`user_id`) [0m
  [1m[35m (62.9ms)[0m  [1m[35mALTER TABLE `likes` ADD CONSTRAINT `fk_rails_1e09b5dabf`
FOREIGN KEY (`user_id`)
  REFERENCES `users` (`id`)
[0m
  [1m[35m (0.2ms)[0m  [1m[35mBEGIN[0m
  [1m[35mSQL (0.2ms)[0m  [1m[32mINSERT INTO `schema_migrations` (`version`) VALUES ('20170425142041')[0m
  [1m[35m (3.3ms)[0m  [1m[35mCOMMIT[0m
Migrating to AddFkMicropostIdToLikes (20170425142102)
  [1m[35m (46.9ms)[0m  [1m[35mALTER TABLE `likes` ADD `micropost_id` int[0m
  [1m[35m (22.1ms)[0m  [1m[35mCREATE  INDEX `index_likes_on_micropost_id`  ON `likes` (`micropost_id`) [0m
  [1m[35m (64.8ms)[0m  [1m[35mALTER TABLE `likes` ADD CONSTRAINT `fk_rails_e86cbd10de`
FOREIGN KEY (`micropost_id`)
  REFERENCES `microposts` (`id`)
[0m
  [1m[35m (0.1ms)[0m  [1m[35mBEGIN[0m
  [1m[35mSQL (0.2ms)[0m  [1m[32mINSERT INTO `schema_migrations` (`version`) VALUES ('20170425142102')[0m
  [1m[35m (4.4ms)[0m  [1m[35mCOMMIT[0m
Migrating to CreateComments (20170425142126)
  [1m[35m (25.7ms)[0m  [1m[35mCREATE TABLE `comments` (`id` int AUTO_INCREMENT PRIMARY KEY, `content` varchar(255), `created_at` datetime NOT NULL, `updated_at` datetime NOT NULL) ENGINE=InnoDB[0m
  [1m[35m (0.1ms)[0m  [1m[35mBEGIN[0m
  [1m[35mSQL (0.2ms)[0m  [1m[32mINSERT INTO `schema_migrations` (`version`) VALUES ('20170425142126')[0m
  [1m[35m (3.8ms)[0m  [1m[35mCOMMIT[0m
Migrating to AddFkUserIdToComments (20170425142205)
  [1m[35m (0.2ms)[0m  [1m[34mSELECT RELEASE_LOCK('6777642424518849345')[0m
  [1m[36mActiveRecord::SchemaMigration Load (0.3ms)[0m  [1m[34mSELECT `schema_migrations`.* FROM `schema_migrations`[0m
  [1m[35m (0.2ms)[0m  [1m[34mSELECT `ar_internal_metadata`.`value` FROM `ar_internal_metadata` WHERE `ar_internal_metadata`.`key` = 'environment'[0m
  [1m[36mActiveRecord::InternalMetadata Load (0.3ms)[0m  [1m[34mSELECT  `ar_internal_metadata`.* FROM `ar_internal_metadata` WHERE `ar_internal_metadata`.`key` = 'environment' LIMIT 1[0m
  [1m[35m (0.2ms)[0m  [1m[35mBEGIN[0m
  [1m[35mSQL (0.3ms)[0m  [1m[32mINSERT INTO `ar_internal_metadata` (`key`, `value`, `created_at`, `updated_at`) VALUES ('environment', 'development', '2017-04-25 14:31:12', '2017-04-25 14:31:12')[0m
  [1m[35m (10.5ms)[0m  [1m[35mCOMMIT[0m
  [1m[36mActiveRecord::SchemaMigration Load (0.3ms)[0m  [1m[34mSELECT `schema_migrations`.* FROM `schema_migrations`[0m
  [1m[35m (0.3ms)[0m  [1m[34mSELECT `ar_internal_metadata`.`value` FROM `ar_internal_metadata` WHERE `ar_internal_metadata`.`key` = 'environment'[0m
  [1m[36mActiveRecord::SchemaMigration Load (0.2ms)[0m  [1m[34mSELECT `schema_migrations`.* FROM `schema_migrations`[0m
  [1m[35m (0.2ms)[0m  [1m[34mSELECT `ar_internal_metadata`.`value` FROM `ar_internal_metadata` WHERE `ar_internal_metadata`.`key` = 'environment'[0m
  [1m[36mActiveRecord::SchemaMigration Load (0.2ms)[0m  [1m[34mSELECT `schema_migrations`.* FROM `schema_migrations`[0m
  [1m[35m (0.2ms)[0m  [1m[34mSELECT `ar_internal_metadata`.`value` FROM `ar_internal_metadata` WHERE `ar_internal_metadata`.`key` = 'environment'[0m
  [1m[35m (115.7ms)[0m  [1m[35mDROP DATABASE IF EXISTS `Photogram_development`[0m
  [1m[35m (0.2ms)[0m  [1m[35mCREATE DATABASE `Photogram_development` DEFAULT CHARACTER SET `utf8`[0m
  [1m[35m (0.2ms)[0m  [1m[35mCREATE DATABASE `Photogram_test` DEFAULT CHARACTER SET `utf8`[0m
  [1m[35m (27.5ms)[0m  [1m[35mCREATE TABLE `schema_migrations` (`version` varchar(255) PRIMARY KEY) ENGINE=InnoDB[0m
  [1m[35m (27.0ms)[0m  [1m[35mCREATE TABLE `ar_internal_metadata` (`key` varchar(255) PRIMARY KEY, `value` varchar(255), `created_at` datetime NOT NULL, `updated_at` datetime NOT NULL) ENGINE=InnoDB[0m
  [1m[35m (0.2ms)[0m  [1m[34mSELECT DATABASE() as db[0m
  [1m[35m (0.2ms)[0m  [1m[34mSELECT GET_LOCK('6777642424518849345', 0);[0m
  [1m[36mActiveRecord::SchemaMigration Load (0.4ms)[0m  [1m[34mSELECT `schema_migrations`.* FROM `schema_migrations`[0m
Migrating to CreateUsers (20170425141222)
  [1m[35m (25.8ms)[0m  [1m[35mCREATE TABLE `users` (`id` int AUTO_INCREMENT PRIMARY KEY, `name` varchar(255), `email` varchar(255), `gender` varchar(255), `created_at` datetime NOT NULL, `updated_at` datetime NOT NULL) ENGINE=InnoDB[0m
  [1m[35m (0.1ms)[0m  [1m[35mBEGIN[0m
  [1m[35mSQL (0.9ms)[0m  [1m[32mINSERT INTO `schema_migrations` (`version`) VALUES ('20170425141222')[0m
  [1m[35m (4.0ms)[0m  [1m[35mCOMMIT[0m
Migrating to AddIndexToUsersEmail (20170425141328)
  [1m[35m (22.2ms)[0m  [1m[35mCREATE UNIQUE INDEX `index_users_on_email`  ON `users` (`email`) [0m
  [1m[35m (0.1ms)[0m  [1m[35mBEGIN[0m
  [1m[35mSQL (0.4ms)[0m  [1m[32mINSERT INTO `schema_migrations` (`version`) VALUES ('20170425141328')[0m
  [1m[35m (8.5ms)[0m  [1m[35mCOMMIT[0m
Migrating to AddPasswordDigestToUsers (20170425141444)
  [1m[35m (48.1ms)[0m  [1m[35mALTER TABLE `users` ADD `password_digest` varchar(255)[0m
  [1m[35m (0.1ms)[0m  [1m[35mBEGIN[0m
  [1m[35mSQL (0.1ms)[0m  [1m[32mINSERT INTO `schema_migrations` (`version`) VALUES ('20170425141444')[0m
  [1m[35m (3.8ms)[0m  [1m[35mCOMMIT[0m
Migrating to AddRememberDigestToUsers (20170425141522)
  [1m[35m (49.9ms)[0m  [1m[35mALTER TABLE `users` ADD `remember_digest` varchar(255)[0m
  [1m[35m (0.1ms)[0m  [1m[35mBEGIN[0m
  [1m[35mSQL (0.2ms)[0m  [1m[32mINSERT INTO `schema_migrations` (`version`) VALUES ('20170425141522')[0m
  [1m[35m (4.1ms)[0m  [1m[35mCOMMIT[0m
Migrating to CreateMicroposts (20170425141618)
  [1m[35m (32.9ms)[0m  [1m[35mCREATE TABLE `microposts` (`id` int AUTO_INCREMENT PRIMARY KEY, `content` text, `user_id` int, `created_at` datetime NOT NULL, `updated_at` datetime NOT NULL,  INDEX `index_microposts_on_user_id`  (`user_id`), CONSTRAINT `fk_rails_558c81314b`
FOREIGN KEY (`user_id`)
  REFERENCES `users` (`id`)
) ENGINE=InnoDB[0m
  [1m[35m (21.1ms)[0m  [1m[35mCREATE  INDEX `index_microposts_on_user_id_and_created_at`  ON `microposts` (`user_id`, `created_at`) [0m
  [1m[35m (0.7ms)[0m  [1m[35mBEGIN[0m
  [1m[35mSQL (0.3ms)[0m  [1m[32mINSERT INTO `schema_migrations` (`version`) VALUES ('20170425141618')[0m
  [1m[35m (3.9ms)[0m  [1m[35mCOMMIT[0m
Migrating to AddPictureToMicroposts (20170425141723)
  [1m[35m (51.9ms)[0m  [1m[35mALTER TABLE `microposts` ADD `picture` varchar(255)[0m
  [1m[35m (0.2ms)[0m  [1m[35mBEGIN[0m
  [1m[35mSQL (0.2ms)[0m  [1m[32mINSERT INTO `schema_migrations` (`version`) VALUES ('20170425141723')[0m
  [1m[35m (3.9ms)[0m  [1m[35mCOMMIT[0m
Migrating to CreateRelationships (20170425141846)
  [1m[35m (27.2ms)[0m  [1m[35mCREATE TABLE `relationships` (`id` int AUTO_INCREMENT PRIMARY KEY, `follower_id` int, `followed_id` int, `created_at` datetime NOT NULL, `updated_at` datetime NOT NULL) ENGINE=InnoDB[0m
  [1m[35m (21.0ms)[0m  [1m[35mCREATE  INDEX `index_relationships_on_follower_id`  ON `relationships` (`follower_id`) [0m
  [1m[35m (20.3ms)[0m  [1m[35mCREATE  INDEX `index_relationships_on_followed_id`  ON `relationships` (`followed_id`) [0m
  [1m[35m (31.5ms)[0m  [1m[35mCREATE UNIQUE INDEX `index_relationships_on_followed_id_and_follower_id`  ON `relationships` (`followed_id`, `follower_id`) [0m
  [1m[35m (0.2ms)[0m  [1m[35mBEGIN[0m
  [1m[35mSQL (0.2ms)[0m  [1m[32mINSERT INTO `schema_migrations` (`version`) VALUES ('20170425141846')[0m
  [1m[35m (3.8ms)[0m  [1m[35mCOMMIT[0m
Migrating to AddAvatarToUsers (20170425141935)
  [1m[35m (48.3ms)[0m  [1m[35mALTER TABLE `users` ADD `avatar` varchar(255) DEFAULT '/assets/images/fallback/ava-default-male.jpg'[0m
  [1m[35m (0.1ms)[0m  [1m[35mBEGIN[0m
  [1m[35mSQL (0.2ms)[0m  [1m[32mINSERT INTO `schema_migrations` (`version`) VALUES ('20170425141935')[0m
  [1m[35m (3.8ms)[0m  [1m[35mCOMMIT[0m
Migrating to CreateLikes (20170425142003)
  [1m[35m (26.8ms)[0m  [1m[35mCREATE TABLE `likes` (`id` int AUTO_INCREMENT PRIMARY KEY, `created_at` datetime NOT NULL, `updated_at` datetime NOT NULL) ENGINE=InnoDB[0m
  [1m[35m (0.1ms)[0m  [1m[35mBEGIN[0m
  [1m[35mSQL (0.2ms)[0m  [1m[32mINSERT INTO `schema_migrations` (`version`) VALUES ('20170425142003')[0m
  [1m[35m (3.3ms)[0m  [1m[35mCOMMIT[0m
Migrating to AddFkUserIdToLikes (20170425142041)
  [1m[35m (43.3ms)[0m  [1m[35mALTER TABLE `likes` ADD `user_id` int[0m
  [1m[35m (22.2ms)[0m  [1m[35mCREATE  INDEX `index_likes_on_user_id`  ON `likes` (`user_id`) [0m
  [1m[35m (60.1ms)[0m  [1m[35mALTER TABLE `likes` ADD CONSTRAINT `fk_rails_1e09b5dabf`
FOREIGN KEY (`user_id`)
  REFERENCES `users` (`id`)
[0m
  [1m[35m (0.1ms)[0m  [1m[35mBEGIN[0m
  [1m[35mSQL (0.1ms)[0m  [1m[32mINSERT INTO `schema_migrations` (`version`) VALUES ('20170425142041')[0m
  [1m[35m (3.2ms)[0m  [1m[35mCOMMIT[0m
Migrating to AddFkMicropostIdToLikes (20170425142102)
  [1m[35m (52.0ms)[0m  [1m[35mALTER TABLE `likes` ADD `micropost_id` int[0m
  [1m[35m (19.0ms)[0m  [1m[35mCREATE  INDEX `index_likes_on_micropost_id`  ON `likes` (`micropost_id`) [0m
  [1m[35m (63.9ms)[0m  [1m[35mALTER TABLE `likes` ADD CONSTRAINT `fk_rails_e86cbd10de`
FOREIGN KEY (`micropost_id`)
  REFERENCES `microposts` (`id`)
[0m
  [1m[35m (0.1ms)[0m  [1m[35mBEGIN[0m
  [1m[35mSQL (0.2ms)[0m  [1m[32mINSERT INTO `schema_migrations` (`version`) VALUES ('20170425142102')[0m
  [1m[35m (3.8ms)[0m  [1m[35mCOMMIT[0m
Migrating to CreateComments (20170425142126)
  [1m[35m (25.9ms)[0m  [1m[35mCREATE TABLE `comments` (`id` int AUTO_INCREMENT PRIMARY KEY, `content` varchar(255), `created_at` datetime NOT NULL, `updated_at` datetime NOT NULL) ENGINE=InnoDB[0m
  [1m[35m (0.2ms)[0m  [1m[35mBEGIN[0m
  [1m[35mSQL (0.2ms)[0m  [1m[32mINSERT INTO `schema_migrations` (`version`) VALUES ('20170425142126')[0m
  [1m[35m (3.2ms)[0m  [1m[35mCOMMIT[0m
Migrating to AddFkUserIdToComments (20170425142205)
  [1m[35m (40.8ms)[0m  [1m[35mALTER TABLE `comments` ADD `user_id` int[0m
  [1m[35m (18.9ms)[0m  [1m[35mCREATE  INDEX `index_comments_on_user_id`  ON `comments` (`user_id`) [0m
  [1m[35m (58.7ms)[0m  [1m[35mALTER TABLE `comments` ADD CONSTRAINT `fk_rails_03de2dc08c`
FOREIGN KEY (`user_id`)
  REFERENCES `users` (`id`)
[0m
  [1m[35m (0.1ms)[0m  [1m[35mBEGIN[0m
  [1m[35mSQL (0.2ms)[0m  [1m[32mINSERT INTO `schema_migrations` (`version`) VALUES ('20170425142205')[0m
  [1m[35m (3.2ms)[0m  [1m[35mCOMMIT[0m
Migrating to AddFkMicropostIdToComments (20170425142226)
  [1m[35m (47.0ms)[0m  [1m[35mALTER TABLE `comments` ADD `micropost_id` int[0m
  [1m[35m (19.0ms)[0m  [1m[35mCREATE  INDEX `index_comments_on_micropost_id`  ON `comments` (`micropost_id`) [0m
  [1m[35m (64.6ms)[0m  [1m[35mALTER TABLE `comments` ADD CONSTRAINT `fk_rails_a42aadf913`
FOREIGN KEY (`micropost_id`)
  REFERENCES `microposts` (`id`)
[0m
  [1m[35m (0.3ms)[0m  [1m[35mBEGIN[0m
  [1m[35mSQL (0.2ms)[0m  [1m[32mINSERT INTO `schema_migrations` (`version`) VALUES ('20170425142226')[0m
  [1m[35m (3.8ms)[0m  [1m[35mCOMMIT[0m
Migrating to CreateNotifications (20170425142316)
  [1m[35m (51.0ms)[0m  [1m[35mCREATE TABLE `notifications` (`id` int AUTO_INCREMENT PRIMARY KEY, `user_id` int, `notified_by_id` int, `micropost_id` int, `comment_id` int, `like_id` int, `notifi_type` varchar(255), `read` tinyint(1) DEFAULT 0, `created_at` datetime NOT NULL, `updated_at` datetime NOT NULL,  INDEX `index_notifications_on_user_id`  (`user_id`),  INDEX `index_notifications_on_notified_by_id`  (`notified_by_id`),  INDEX `index_notifications_on_micropost_id`  (`micropost_id`),  INDEX `index_notifications_on_comment_id`  (`comment_id`),  INDEX `index_notifications_on_like_id`  (`like_id`), CONSTRAINT `fk_rails_b080fb4855`
FOREIGN KEY (`user_id`)
  REFERENCES `users` (`id`)
, CONSTRAINT `fk_rails_fc4150316b`
FOREIGN KEY (`micropost_id`)
  REFERENCES `microposts` (`id`)
, CONSTRAINT `fk_rails_9268535f02`
FOREIGN KEY (`comment_id`)
  REFERENCES `comments` (`id`)
, CONSTRAINT `fk_rails_2d5b70dd54`
FOREIGN KEY (`like_id`)
  REFERENCES `likes` (`id`)
) ENGINE=InnoDB[0m
  [1m[35m (94.2ms)[0m  [1m[35mALTER TABLE `notifications` ADD CONSTRAINT `fk_rails_ff009aac1a`
FOREIGN KEY (`notified_by_id`)
  REFERENCES `users` (`id`)
[0m
  [1m[35m (0.1ms)[0m  [1m[35mBEGIN[0m
  [1m[35mSQL (0.2ms)[0m  [1m[32mINSERT INTO `schema_migrations` (`version`) VALUES ('20170425142316')[0m
  [1m[35m (3.9ms)[0m  [1m[35mCOMMIT[0m
  [1m[36mActiveRecord::InternalMetadata Load (0.4ms)[0m  [1m[34mSELECT  `ar_internal_metadata`.* FROM `ar_internal_metadata` WHERE `ar_internal_metadata`.`key` = 'environment' LIMIT 1[0m
  [1m[35m (0.1ms)[0m  [1m[35mBEGIN[0m
  [1m[35mSQL (0.2ms)[0m  [1m[32mINSERT INTO `ar_internal_metadata` (`key`, `value`, `created_at`, `updated_at`) VALUES ('environment', 'development', '2017-04-25 14:31:17', '2017-04-25 14:31:17')[0m
  [1m[35m (3.2ms)[0m  [1m[35mCOMMIT[0m
  [1m[35m (0.7ms)[0m  [1m[34mSELECT RELEASE_LOCK('6777642424518849345')[0m
  [1m[36mActiveRecord::SchemaMigration Load (0.2ms)[0m  [1m[34mSELECT `schema_migrations`.* FROM `schema_migrations`[0m
  [1m[35m (0.2ms)[0m  [1m[35mSHOW CREATE TABLE `comments`[0m
  [1m[35m (0.3ms)[0m  [1m[35mSHOW TABLE STATUS LIKE 'comments'[0m
  [1m[35m (0.2ms)[0m  [1m[35mSHOW CREATE TABLE `likes`[0m
  [1m[35m (0.3ms)[0m  [1m[35mSHOW CREATE TABLE `microposts`[0m
  [1m[35m (1.2ms)[0m  [1m[35mSHOW TABLE STATUS LIKE 'microposts'[0m
  [1m[35m (0.2ms)[0m  [1m[35mSHOW CREATE TABLE `notifications`[0m
  [1m[35m (0.3ms)[0m  [1m[35mSHOW TABLE STATUS LIKE 'notifications'[0m
  [1m[35m (0.1ms)[0m  [1m[35mSHOW CREATE TABLE `relationships`[0m
  [1m[35m (0.2ms)[0m  [1m[35mSHOW CREATE TABLE `users`[0m
  [1m[35m (0.3ms)[0m  [1m[35mSHOW TABLE STATUS LIKE 'users'[0m
